<?xml version="1.0" encoding="UTF-8"?>
<!-- Generated by org.testng.reporters.JUnitXMLReporter -->
<testsuite ignored="0" hostname="DESKTOP-05DODOB" failures="1" tests="1" name="Test1" time="11.753" errors="0" timestamp="2025-03-31T00:23:54 IST">
  <testcase classname="io.cucumber.testng.AbstractTestNGCucumberTests" name="runScenario" time="11.71">
    <failure type="java.lang.AssertionError" message="Custom failure message expected [true] but found [false]">
      <![CDATA[java.lang.AssertionError: Custom failure message expected [true] but found [false]
at StepDefinition.BookLoginstepDefinition.login_link_should_appear(BookLoginstepDefinition.java:26)
at ✽.Login Link should appear(file:///C:/Users/New/eclipse-workspace/Cucumber/src/test/java/FeaturePackage/Login.feature:24)
... Removed 3 stack frames]]>
    </failure>
  </testcase> <!-- runScenario -->
</testsuite> <!-- Test1 -->
