<?xml version="1.0" encoding="UTF-8"?>
<testng-results ignored="0" total="1" passed="1" failed="0" skipped="0">
  <reporter-output>
  </reporter-output>
  <suite started-at="2025-04-23T21:39:15 IST" name="Default suite" finished-at="2025-04-23T21:39:30 IST" duration-ms="15497">
    <groups>
      <group name="cucumber">
        <method signature="AbstractTestNGCucumberTests.runScenario(io.cucumber.testng.PickleWrapper,io.cucumber.testng.FeatureWrapper)[pri:0, instance:RunnerPackage.RunnerClass@6dd7b5a3]" name="runScenario" class="io.cucumber.testng.AbstractTestNGCucumberTests"/>
      </group> <!-- cucumber -->
    </groups>
    <test started-at="2025-04-23T21:39:15 IST" name="Default test" finished-at="2025-04-23T21:39:30 IST" duration-ms="15497">
      <class name="RunnerPackage.RunnerClass">
        <test-method is-config="true" signature="setUpClass(org.testng.ITestContext)[pri:0, instance:RunnerPackage.RunnerClass@6dd7b5a3]" started-at="2025-04-23T21:39:15 IST" name="setUpClass" finished-at="2025-04-23T21:39:15 IST" duration-ms="388" status="PASS">
          <params>
            <param index="0">
              <value>
                <![CDATA[org.testng.TestRunner@abff8b7]]>
              </value>
            </param>
          </params>
          <reporter-output>
          </reporter-output>
        </test-method> <!-- setUpClass -->
        <test-method signature="runScenario(io.cucumber.testng.PickleWrapper,io.cucumber.testng.FeatureWrapper)[pri:0, instance:RunnerPackage.RunnerClass@6dd7b5a3]" started-at="2025-04-23T21:39:15 IST" name="runScenario" description="Runs Cucumber Scenarios" data-provider="scenarios" finished-at="2025-04-23T21:39:30 IST" duration-ms="15026" status="PASS">
          <params>
            <param index="0">
              <value>
                <![CDATA["User is able to login successfully"]]>
              </value>
            </param>
            <param index="1">
              <value>
                <![CDATA["Book Login page"]]>
              </value>
            </param>
          </params>
          <reporter-output>
          </reporter-output>
        </test-method> <!-- runScenario -->
        <test-method is-config="true" signature="tearDownClass()[pri:0, instance:RunnerPackage.RunnerClass@6dd7b5a3]" started-at="2025-04-23T21:39:30 IST" name="tearDownClass" finished-at="2025-04-23T21:39:30 IST" duration-ms="5" status="PASS">
          <reporter-output>
          </reporter-output>
        </test-method> <!-- tearDownClass -->
      </class> <!-- RunnerPackage.RunnerClass -->
    </test> <!-- Default test -->
  </suite> <!-- Default suite -->
</testng-results>
